<?xml version="1.0" encoding="UTF-8"?>
<testsuite xmlns:xsi="http://www.w3.org/2001/XMLSchema-instance" xsi:noNamespaceSchemaLocation="https://maven.apache.org/surefire/maven-surefire-plugin/xsd/surefire-test-report-3.0.xsd" version="3.0" name="com.smartlogix.bff.client.PedidosClientTest" time="0.027" tests="6" errors="0" skipped="0" failures="0">
  <properties>
[...]
</properties>
  <testcase name="fallbackGetAllPedidos_retornaListaVacia" classname="com.smartlogix.bff.client.PedidosClientTest" time="0.002"/>
  <testcase name="getPedidoById_retornaPedido" classname="com.smartlogix.bff.client.PedidosClientTest" time="0.005"/>
  <testcase name="getAllPedidos_retornaLista" classname="com.smartlogix.bff.client.PedidosClientTest" time="0.003"/>
  <testcase name="getAllPedidos_retornaListaVaciaCuandoNull" classname="com.smartlogix.bff.client.PedidosClientTest" time="0.004"/>
  <testcase name="fallbackCrearPedido_retornaNull" classname="com.smartlogix.bff.client.PedidosClientTest" time="0.001"/>
  <testcase name="fallbackGetPedidoById_retornaNull" classname="com.smartlogix.bff.client.PedidosClientTest" time="0.002"/>
</testsuite>